0 info it worked if it ends with ok
1 verbose cli [ '/Users/lisabisa25/.node/bin/node',
1 verbose cli   '/Users/lisabisa25/.node/bin/npm',
1 verbose cli   'publish' ]
2 info using npm@2.14.12
3 info using node@v4.3.1
4 verbose publish [ '.' ]
5 silly cache add args [ '.', null ]
6 verbose cache add spec .
7 silly cache add parsed spec Result {
7 silly cache add   raw: '.',
7 silly cache add   scope: null,
7 silly cache add   name: null,
7 silly cache add   rawSpec: '.',
7 silly cache add   spec: '/Users/lisabisa25/401d2/npm-router/npm-router-framework',
7 silly cache add   type: 'directory' }
8 verbose addLocalDirectory /Users/lisabisa25/.npm/npm-router-framework/1.0.0/package.tgz not in flight; packing
9 verbose tar pack [ '/Users/lisabisa25/.npm/npm-router-framework/1.0.0/package.tgz',
9 verbose tar pack   '/Users/lisabisa25/401d2/npm-router/npm-router-framework' ]
10 verbose tarball /Users/lisabisa25/.npm/npm-router-framework/1.0.0/package.tgz
11 verbose folder /Users/lisabisa25/401d2/npm-router/npm-router-framework
12 info prepublish npm-router-framework@1.0.0
13 verbose addLocalTarball adding from inside cache /Users/lisabisa25/.npm/npm-router-framework/1.0.0/package.tgz
14 silly cache afterAdd npm-router-framework@1.0.0
15 verbose afterAdd /Users/lisabisa25/.npm/npm-router-framework/1.0.0/package/package.json not in flight; writing
16 verbose afterAdd /Users/lisabisa25/.npm/npm-router-framework/1.0.0/package/package.json written
17 silly publish { name: 'npm-router-framework',
17 silly publish   version: '1.0.0',
17 silly publish   description: 'created a framework for open source npm package',
17 silly publish   main: 'server.js',
17 silly publish   directories: { test: 'test' },
17 silly publish   dependencies:
17 silly publish    { chai: '^3.5.0',
17 silly publish      'chai-http': '^2.0.1',
17 silly publish      express: '^4.13.4',
17 silly publish      'flake-idgen': '^1.0.0',
17 silly publish      gulp: '^3.9.1',
17 silly publish      moment: '^2.12.0',
17 silly publish      'gulp-eslint': '^2.0.0' },
17 silly publish   devDependencies:
17 silly publish    { chai: '^3.5.0',
17 silly publish      'chai-http': '^2.0.1',
17 silly publish      gulp: '^3.9.1',
17 silly publish      mocha: '^2.4.5' },
17 silly publish   scripts: { test: 'mocha', start: 'node server.js' },
17 silly publish   repository:
17 silly publish    { type: 'git',
17 silly publish      url: 'git+https://github.com/lwenke01/npm-router-framework.git' },
17 silly publish   author: '',
17 silly publish   license: 'ISC',
17 silly publish   bugs: { url: 'https://github.com/lwenke01/npm-router-framework/issues' },
17 silly publish   homepage: 'https://github.com/lwenke01/npm-router-framework#readme',
17 silly publish   readme: '# npm-router-framework\nAn npm Package for Node.js to retrieve data information in JSON from a RESTful API.\n\n## Get started\nInstall on the command line:\n\n```\nnpm install npm-router-framework --save\n```\n\n## Basic Usage\n\n```javascript\nvar Profile = require(\'npm-router-framework\');\n\n```\n',
17 silly publish   readmeFilename: 'README.md',
17 silly publish   gitHead: 'ed8a9f44fcfc39d5ad18980719d602601937eaad',
17 silly publish   _id: 'npm-router-framework@1.0.0',
17 silly publish   _shasum: '2ad82fcf164c46ff50e47bbf7b61f0c83d9b772d',
17 silly publish   _from: '.' }
18 verbose getPublishConfig undefined
19 silly mapToRegistry name npm-router-framework
20 silly mapToRegistry using default registry
21 silly mapToRegistry registry https://registry.npmjs.org/
22 silly mapToRegistry uri https://registry.npmjs.org/npm-router-framework
23 verbose publish registryBase https://registry.npmjs.org/
24 silly publish uploading /Users/lisabisa25/.npm/npm-router-framework/1.0.0/package.tgz
25 verbose request uri https://registry.npmjs.org/npm-router-framework
26 verbose request sending authorization for write operation
27 info attempt registry request try #1 at 12:09:14
28 verbose request using bearer token for auth
29 verbose request id 0195361ba5821fd0
30 http request PUT https://registry.npmjs.org/npm-router-framework
31 http 403 https://registry.npmjs.org/npm-router-framework
32 verbose headers { 'content-type': 'application/json',
32 verbose headers   'cache-control': 'max-age=300',
32 verbose headers   'content-length': '95',
32 verbose headers   'accept-ranges': 'bytes',
32 verbose headers   date: 'Mon, 14 Mar 2016 19:09:18 GMT',
32 verbose headers   via: '1.1 varnish',
32 verbose headers   connection: 'keep-alive',
32 verbose headers   'x-served-by': 'cache-lax1423-LAX',
32 verbose headers   'x-cache': 'MISS',
32 verbose headers   'x-cache-hits': '0',
32 verbose headers   'x-timer': 'S1457982558.261575,VS0,VE177' }
33 verbose request invalidating /Users/lisabisa25/.npm/registry.npmjs.org/npm-router-framework on PUT
34 error publish Failed PUT 403
35 verbose stack Error: "You cannot publish over the previously published version 1.0.0." : npm-router-framework
35 verbose stack     at makeError (/Users/lisabisa25/.node/lib/node_modules/npm/node_modules/npm-registry-client/lib/request.js:264:12)
35 verbose stack     at CachingRegistryClient.<anonymous> (/Users/lisabisa25/.node/lib/node_modules/npm/node_modules/npm-registry-client/lib/request.js:252:14)
35 verbose stack     at Request._callback (/Users/lisabisa25/.node/lib/node_modules/npm/node_modules/npm-registry-client/lib/request.js:172:14)
35 verbose stack     at Request.self.callback (/Users/lisabisa25/.node/lib/node_modules/npm/node_modules/request/request.js:198:22)
35 verbose stack     at emitTwo (events.js:87:13)
35 verbose stack     at Request.emit (events.js:172:7)
35 verbose stack     at Request.<anonymous> (/Users/lisabisa25/.node/lib/node_modules/npm/node_modules/request/request.js:1082:10)
35 verbose stack     at emitOne (events.js:82:20)
35 verbose stack     at Request.emit (events.js:169:7)
35 verbose stack     at IncomingMessage.<anonymous> (/Users/lisabisa25/.node/lib/node_modules/npm/node_modules/request/request.js:1009:12)
36 verbose statusCode 403
37 verbose pkgid npm-router-framework
38 verbose cwd /Users/lisabisa25/401d2/npm-router/npm-router-framework
39 error Darwin 14.5.0
40 error argv "/Users/lisabisa25/.node/bin/node" "/Users/lisabisa25/.node/bin/npm" "publish"
41 error node v4.3.1
42 error npm  v2.14.12
43 error code E403
44 error "You cannot publish over the previously published version 1.0.0." : npm-router-framework
45 error If you need help, you may report this error at:
45 error     <https://github.com/npm/npm/issues>
46 verbose exit [ 1, true ]
